# --------------------------------------------------------------------------------
# DisCovER : Distance- and orientations-based Covariational threadER (V1.0)
# For comments, please email to bhattacharyad@auburn.edu
# --------------------------------------------------------------------------------
#      start date/time : 2020:11:20 / 09:46:05
# --------------------------------------------------------------------------------
#Template	Z_final
4qjbA2		3.63625
5um7A		3.58206
4hh2A2		3.47645
3gdzB		3.27522
4uz2A1		2.96111
2vs8F2		2.9343
2yp6A		2.84069
4gizC1		2.77657
1pm3A		2.59694
4mfjA3		2.54287
4r1hA		2.26368
4m88A2		2.10035
1yz6A1		2.03225
2vl7A3		2.0063
3ah7A		1.93793
1jr2A2		1.91217
3t05A2		1.79414
1ltlE1		1.54288
3t6pA1		1.45787
2wheA2		1.36442
4nwbA2		1.35914
2e28A2		1.35111
5fbtA4		1.19495
4g9bA2		1.08847
3ipzA		0.992494
1hyhA1		0.97656
5d5wB		0.856689
1e5dA2		0.780395
2iojA		0.732391
3igfB2		0.726923
3k4xA6		0.68271
2fpsB		0.666745
3id5A1		0.611615
5oqlE2		0.487845
4fvpA2		0.470335
2ek8A1		0.41993
1lssA		0.391491
4evmA		0.378383
1vmeA2		0.371466
2nn6F1		0.367708
3dnvB		0.279809
1zzoA		0.247725
5vkuQ		0.214491
1lu4A		0.202321
3abiA1		0.105972
2rjiA		-0.0336141
2hmtA		-0.14674
3re1A2		-0.242744
2mvmA		-1.02114
2rm8A		-1.3991

#DisCovER is done. First-ranked query-template alignment is available in 'top1.fasta' file.
# --------------------------------------------------------------------------------
#        end date/time : 2020:11:20 / 09:53:52
# --------------------------------------------------------------------------------
