# --------------------------------------------------------------------------------
# DisCovER : distance-based covariational threadER (V1.0)
# For comments, please email to bhattacharyad@auburn.edu
# --------------------------------------------------------------------------------
#      start date/time : 2020:01:27 / 10:48:52
# --------------------------------------------------------------------------------
#Template	Z_final
2ek8A1		4.27126
3i6sA3		3.84181
5woyA2		3.81946
2e28A2		3.39693
1y9zB1		3.36226
3eifA1		3.25836
4tjvA		3.22059
3iibA1		3.18214
3t05A2		3.08655
5fbtA4		2.88659
2iojA		2.36968
3bcbA3		2.06741
2m72A		1.70821
3i43A		1.62894
2nuaB2		1.6105
2ywnA		1.58474
2jsyA		1.54411
3re1A2		1.5197
2hmtA		1.51232
1lssA		1.49217
1lu4A		1.45537
4evmA		1.40445
1zzoA		1.35308
3llvA		1.3469
3abiA1		1.30934
2yxbA		1.25396
2yp6A		1.24427
5um7A		1.23268
1cb7A		1.1146
1vmeA2		1.0783
3p7xA		0.967946
2fpsB		0.967671
5f2hA2		0.938931
1id1A		0.879421
1xvwB		0.782341
1vlwB		0.737991
3l8eA		0.725874
1e5dA2		0.688594
2l82A		0.654606
1jr2A2		0.646663
2dykA		0.532218
3m9lA2		0.529116
3l8hA		0.369394
2iyfB2		0.232828
2wheA2		0.227413
2iyaA2		0.207405
5kt0A1		0.163533
4g9bA2		0.0260177
3id5A1		-0.0254502
1hyhA1		-0.116971

#DisCovER is done. First-ranked query-template alignment is available in 'top1.fasta' file.
#Running Modeller ...
# --------------------------------------------------------------------------------
#        end date/time : 2020:01:27 / 10:55:59
# --------------------------------------------------------------------------------
